  main.cpp
C:\Users\Fridrick\Desktop\SFML\Tetris 2.0\Tetris 2.0\main.cpp(24,21): warning C4244: 'initializing': conversion from 'double' to 'int', possible loss of data
C:\Users\Fridrick\Desktop\SFML\Tetris 2.0\Tetris 2.0\main.cpp(25,22): warning C4244: 'initializing': conversion from 'double' to 'int', possible loss of data
C:\Users\Fridrick\Desktop\SFML\Tetris 2.0\Tetris 2.0\main.cpp(26,11): warning C4244: 'initializing': conversion from 'double' to 'int', possible loss of data
C:\Users\Fridrick\Desktop\SFML\Tetris 2.0\Tetris 2.0\main.cpp(27,18): warning C4244: 'initializing': conversion from 'double' to 'int', possible loss of data
C:\Users\Fridrick\Desktop\SFML\Tetris 2.0\Tetris 2.0\main.cpp(72,60): warning C4244: 'argument': conversion from 'double' to 'T', possible loss of data
          with
          [
              T=float
          ]
C:\Users\Fridrick\Desktop\SFML\Tetris 2.0\Tetris 2.0\main.cpp(82,65): warning C4244: 'argument': conversion from 'double' to 'T', possible loss of data
          with
          [
              T=float
          ]
C:\Users\Fridrick\Desktop\SFML\Tetris 2.0\Tetris 2.0\main.cpp(122,1): warning C4156: deletion of an array expression without using the array form of 'delete'; array form substituted
C:\Users\Fridrick\Desktop\SFML\Tetris 2.0\Tetris 2.0\main.cpp(122,1): warning C4154: deletion of an array expression; conversion to pointer supplied
C:\Users\Fridrick\Desktop\SFML\Tetris 2.0\Tetris 2.0\main.cpp(123,1): warning C4156: deletion of an array expression without using the array form of 'delete'; array form substituted
C:\Users\Fridrick\Desktop\SFML\Tetris 2.0\Tetris 2.0\main.cpp(123,1): warning C4154: deletion of an array expression; conversion to pointer supplied
C:\Users\Fridrick\Desktop\SFML\Tetris 2.0\Tetris 2.0\main.cpp(242,50): warning C4244: 'argument': conversion from 'double' to 'T', possible loss of data
          with
          [
              T=float
          ]
C:\Users\Fridrick\Desktop\SFML\Tetris 2.0\Tetris 2.0\main.cpp(242,38): warning C4244: 'argument': conversion from 'double' to 'T', possible loss of data
          with
          [
              T=float
          ]
C:\Users\Fridrick\Desktop\SFML\Tetris 2.0\Tetris 2.0\main.cpp(244,98): warning C4244: 'argument': conversion from 'double' to 'float', possible loss of data
C:\Users\Fridrick\Desktop\SFML\Tetris 2.0\Tetris 2.0\main.cpp(244,45): warning C4244: 'argument': conversion from 'double' to 'float', possible loss of data
C:\Users\Fridrick\Desktop\SFML\Tetris 2.0\Tetris 2.0\main.cpp(993,50): warning C4244: 'argument': conversion from 'double' to 'T', possible loss of data
          with
          [
              T=float
          ]
C:\Users\Fridrick\Desktop\SFML\Tetris 2.0\Tetris 2.0\main.cpp(993,38): warning C4244: 'argument': conversion from 'double' to 'T', possible loss of data
          with
          [
              T=float
          ]
C:\Users\Fridrick\Desktop\SFML\Tetris 2.0\Tetris 2.0\main.cpp(995,97): warning C4244: 'argument': conversion from 'double' to 'float', possible loss of data
C:\Users\Fridrick\Desktop\SFML\Tetris 2.0\Tetris 2.0\main.cpp(995,45): warning C4244: 'argument': conversion from 'double' to 'float', possible loss of data
C:\Users\Fridrick\Desktop\SFML\Tetris 2.0\Tetris 2.0\main.cpp(1106,41): warning C4244: 'argument': conversion from 'int' to 'T', possible loss of data
          with
          [
              T=float
          ]
C:\Users\Fridrick\Desktop\SFML\Tetris 2.0\Tetris 2.0\main.cpp(1106,34): warning C4244: 'argument': conversion from 'int' to 'T', possible loss of data
          with
          [
              T=float
          ]
C:\Users\Fridrick\Desktop\SFML\Tetris 2.0\Tetris 2.0\main.cpp(1111,28): warning C4244: 'argument': conversion from 'int' to 'float', possible loss of data
C:\Users\Fridrick\Desktop\SFML\Tetris 2.0\Tetris 2.0\main.cpp(1111,25): warning C4244: 'argument': conversion from 'int' to 'float', possible loss of data
C:\Users\Fridrick\Desktop\SFML\Tetris 2.0\Tetris 2.0\main.cpp(1125,66): warning C4244: 'argument': conversion from 'double' to 'float', possible loss of data
C:\Users\Fridrick\Desktop\SFML\Tetris 2.0\Tetris 2.0\main.cpp(1125,44): warning C4244: 'argument': conversion from 'int' to 'float', possible loss of data
C:\Users\Fridrick\Desktop\SFML\Tetris 2.0\Tetris 2.0\main.cpp(1161,69): warning C4244: 'argument': conversion from 'int' to 'float', possible loss of data
C:\Users\Fridrick\Desktop\SFML\Tetris 2.0\Tetris 2.0\main.cpp(1161,48): warning C4244: 'argument': conversion from 'int' to 'float', possible loss of data
C:\Users\Fridrick\Desktop\SFML\Tetris 2.0\Tetris 2.0\main.cpp(1185,53): warning C4244: 'argument': conversion from 'double' to 'T', possible loss of data
          with
          [
              T=float
          ]
C:\Users\Fridrick\Desktop\SFML\Tetris 2.0\Tetris 2.0\main.cpp(1185,41): warning C4244: 'argument': conversion from 'double' to 'T', possible loss of data
          with
          [
              T=float
          ]
C:\Users\Fridrick\Desktop\SFML\Tetris 2.0\Tetris 2.0\main.cpp(1191,80): warning C4244: 'argument': conversion from 'double' to 'float', possible loss of data
C:\Users\Fridrick\Desktop\SFML\Tetris 2.0\Tetris 2.0\main.cpp(1190,80): warning C4244: 'argument': conversion from 'double' to 'float', possible loss of data
C:\Users\Fridrick\Desktop\SFML\Tetris 2.0\Tetris 2.0\main.cpp(1225,53): warning C4244: 'argument': conversion from 'double' to 'T', possible loss of data
          with
          [
              T=float
          ]
C:\Users\Fridrick\Desktop\SFML\Tetris 2.0\Tetris 2.0\main.cpp(1225,41): warning C4244: 'argument': conversion from 'double' to 'T', possible loss of data
          with
          [
              T=float
          ]
C:\Users\Fridrick\Desktop\SFML\Tetris 2.0\Tetris 2.0\main.cpp(1231,80): warning C4244: 'argument': conversion from 'double' to 'float', possible loss of data
C:\Users\Fridrick\Desktop\SFML\Tetris 2.0\Tetris 2.0\main.cpp(1230,80): warning C4244: 'argument': conversion from 'double' to 'float', possible loss of data
C:\Users\Fridrick\Desktop\SFML\Tetris 2.0\Tetris 2.0\main.cpp(1331,24): warning C4244: 'initializing': conversion from 'double' to 'int', possible loss of data
C:\Users\Fridrick\Desktop\SFML\Tetris 2.0\Tetris 2.0\main.cpp(1332,24): warning C4244: 'initializing': conversion from 'double' to 'int', possible loss of data
C:\Users\Fridrick\Desktop\SFML\Tetris 2.0\Tetris 2.0\main.cpp(1336,51): warning C4244: 'argument': conversion from 'int' to 'T', possible loss of data
          with
          [
              T=float
          ]
C:\Users\Fridrick\Desktop\SFML\Tetris 2.0\Tetris 2.0\main.cpp(1336,35): warning C4244: 'argument': conversion from 'int' to 'T', possible loss of data
          with
          [
              T=float
          ]
C:\Users\Fridrick\Desktop\SFML\Tetris 2.0\Tetris 2.0\main.cpp(1337,47): warning C4244: 'argument': conversion from 'int' to 'float', possible loss of data
C:\Users\Fridrick\Desktop\SFML\Tetris 2.0\Tetris 2.0\main.cpp(1337,26): warning C4244: 'argument': conversion from 'int' to 'float', possible loss of data
C:\Users\Fridrick\Desktop\SFML\Tetris 2.0\Tetris 2.0\main.cpp(1342,24): warning C4244: 'initializing': conversion from 'double' to 'int', possible loss of data
C:\Users\Fridrick\Desktop\SFML\Tetris 2.0\Tetris 2.0\main.cpp(1343,24): warning C4244: 'initializing': conversion from 'double' to 'int', possible loss of data
C:\Users\Fridrick\Desktop\SFML\Tetris 2.0\Tetris 2.0\main.cpp(1345,29): warning C4244: 'initializing': conversion from 'double' to 'int', possible loss of data
C:\Users\Fridrick\Desktop\SFML\Tetris 2.0\Tetris 2.0\main.cpp(1347,51): warning C4244: 'argument': conversion from 'int' to 'T', possible loss of data
          with
          [
              T=float
          ]
C:\Users\Fridrick\Desktop\SFML\Tetris 2.0\Tetris 2.0\main.cpp(1347,35): warning C4244: 'argument': conversion from 'int' to 'T', possible loss of data
          with
          [
              T=float
          ]
C:\Users\Fridrick\Desktop\SFML\Tetris 2.0\Tetris 2.0\main.cpp(1348,47): warning C4244: 'argument': conversion from 'int' to 'float', possible loss of data
C:\Users\Fridrick\Desktop\SFML\Tetris 2.0\Tetris 2.0\main.cpp(1348,26): warning C4244: 'argument': conversion from 'int' to 'float', possible loss of data
C:\Users\Fridrick\Desktop\SFML\Tetris 2.0\Tetris 2.0\main.cpp(1353,27): warning C4244: 'argument': conversion from 'double' to 'unsigned int', possible loss of data
C:\Users\Fridrick\Desktop\SFML\Tetris 2.0\Tetris 2.0\main.cpp(1356,42): warning C4244: 'argument': conversion from 'double' to 'unsigned int', possible loss of data
C:\Users\Fridrick\Desktop\SFML\Tetris 2.0\Tetris 2.0\main.cpp(1366,23): warning C4244: '=': conversion from 'T' to 'int', possible loss of data
          with
          [
              T=float
          ]
C:\Users\Fridrick\Desktop\SFML\Tetris 2.0\Tetris 2.0\main.cpp(1367,16): warning C4244: '=': conversion from 'T' to 'int', possible loss of data
          with
          [
              T=float
          ]
C:\Users\Fridrick\Desktop\SFML\Tetris 2.0\Tetris 2.0\main.cpp(1368,27): warning C4244: 'argument': conversion from 'int' to 'float', possible loss of data
C:\Users\Fridrick\Desktop\SFML\Tetris 2.0\Tetris 2.0\main.cpp(1368,20): warning C4244: 'argument': conversion from 'int' to 'float', possible loss of data
C:\Users\Fridrick\Desktop\SFML\Tetris 2.0\Tetris 2.0\main.cpp(1369,84): warning C4244: 'argument': conversion from 'int' to 'float', possible loss of data
C:\Users\Fridrick\Desktop\SFML\Tetris 2.0\Tetris 2.0\main.cpp(1369,42): warning C4244: 'argument': conversion from 'int' to 'float', possible loss of data
C:\Users\Fridrick\Desktop\SFML\Tetris 2.0\Tetris 2.0\main.cpp(1372,24): warning C4244: 'initializing': conversion from 'double' to 'int', possible loss of data
C:\Users\Fridrick\Desktop\SFML\Tetris 2.0\Tetris 2.0\main.cpp(1373,24): warning C4244: 'initializing': conversion from 'double' to 'int', possible loss of data
C:\Users\Fridrick\Desktop\SFML\Tetris 2.0\Tetris 2.0\main.cpp(1375,29): warning C4244: 'initializing': conversion from 'double' to 'int', possible loss of data
C:\Users\Fridrick\Desktop\SFML\Tetris 2.0\Tetris 2.0\main.cpp(1377,51): warning C4244: 'argument': conversion from 'int' to 'T', possible loss of data
          with
          [
              T=float
          ]
C:\Users\Fridrick\Desktop\SFML\Tetris 2.0\Tetris 2.0\main.cpp(1377,35): warning C4244: 'argument': conversion from 'int' to 'T', possible loss of data
          with
          [
              T=float
          ]
C:\Users\Fridrick\Desktop\SFML\Tetris 2.0\Tetris 2.0\main.cpp(1378,47): warning C4244: 'argument': conversion from 'int' to 'float', possible loss of data
C:\Users\Fridrick\Desktop\SFML\Tetris 2.0\Tetris 2.0\main.cpp(1378,26): warning C4244: 'argument': conversion from 'int' to 'float', possible loss of data
C:\Users\Fridrick\Desktop\SFML\Tetris 2.0\Tetris 2.0\main.cpp(1383,27): warning C4244: 'argument': conversion from 'double' to 'unsigned int', possible loss of data
C:\Users\Fridrick\Desktop\SFML\Tetris 2.0\Tetris 2.0\main.cpp(1389,23): warning C4244: '=': conversion from 'T' to 'int', possible loss of data
          with
          [
              T=float
          ]
C:\Users\Fridrick\Desktop\SFML\Tetris 2.0\Tetris 2.0\main.cpp(1390,24): warning C4244: '=': conversion from 'T' to 'int', possible loss of data
          with
          [
              T=float
          ]
C:\Users\Fridrick\Desktop\SFML\Tetris 2.0\Tetris 2.0\main.cpp(1391,27): warning C4244: 'argument': conversion from 'int' to 'float', possible loss of data
C:\Users\Fridrick\Desktop\SFML\Tetris 2.0\Tetris 2.0\main.cpp(1391,20): warning C4244: 'argument': conversion from 'int' to 'float', possible loss of data
C:\Users\Fridrick\Desktop\SFML\Tetris 2.0\Tetris 2.0\main.cpp(1392,84): warning C4244: 'argument': conversion from 'int' to 'float', possible loss of data
C:\Users\Fridrick\Desktop\SFML\Tetris 2.0\Tetris 2.0\main.cpp(1392,42): warning C4244: 'argument': conversion from 'int' to 'float', possible loss of data
C:\Users\Fridrick\Desktop\SFML\Tetris 2.0\Tetris 2.0\main.cpp(1395,26): warning C4244: 'initializing': conversion from 'double' to 'int', possible loss of data
C:\Users\Fridrick\Desktop\SFML\Tetris 2.0\Tetris 2.0\main.cpp(1396,26): warning C4244: 'initializing': conversion from 'double' to 'int', possible loss of data
C:\Users\Fridrick\Desktop\SFML\Tetris 2.0\Tetris 2.0\main.cpp(1398,31): warning C4244: 'initializing': conversion from 'double' to 'int', possible loss of data
C:\Users\Fridrick\Desktop\SFML\Tetris 2.0\Tetris 2.0\main.cpp(1400,58): warning C4244: 'argument': conversion from 'int' to 'T', possible loss of data
          with
          [
              T=float
          ]
C:\Users\Fridrick\Desktop\SFML\Tetris 2.0\Tetris 2.0\main.cpp(1400,40): warning C4244: 'argument': conversion from 'int' to 'T', possible loss of data
          with
          [
              T=float
          ]
C:\Users\Fridrick\Desktop\SFML\Tetris 2.0\Tetris 2.0\main.cpp(1401,54): warning C4244: 'argument': conversion from 'int' to 'float', possible loss of data
C:\Users\Fridrick\Desktop\SFML\Tetris 2.0\Tetris 2.0\main.cpp(1401,31): warning C4244: 'argument': conversion from 'int' to 'float', possible loss of data
C:\Users\Fridrick\Desktop\SFML\Tetris 2.0\Tetris 2.0\main.cpp(1405,44): warning C4244: 'argument': conversion from 'double' to 'unsigned int', possible loss of data
C:\Users\Fridrick\Desktop\SFML\Tetris 2.0\Tetris 2.0\main.cpp(1411,23): warning C4244: '=': conversion from 'T' to 'int', possible loss of data
          with
          [
              T=float
          ]
C:\Users\Fridrick\Desktop\SFML\Tetris 2.0\Tetris 2.0\main.cpp(1412,16): warning C4244: '=': conversion from 'T' to 'int', possible loss of data
          with
          [
              T=float
          ]
C:\Users\Fridrick\Desktop\SFML\Tetris 2.0\Tetris 2.0\main.cpp(1413,33): warning C4244: 'argument': conversion from 'int' to 'float', possible loss of data
C:\Users\Fridrick\Desktop\SFML\Tetris 2.0\Tetris 2.0\main.cpp(1413,26): warning C4244: 'argument': conversion from 'int' to 'float', possible loss of data
C:\Users\Fridrick\Desktop\SFML\Tetris 2.0\Tetris 2.0\main.cpp(1414,96): warning C4244: 'argument': conversion from 'int' to 'float', possible loss of data
C:\Users\Fridrick\Desktop\SFML\Tetris 2.0\Tetris 2.0\main.cpp(1414,50): warning C4244: 'argument': conversion from 'int' to 'float', possible loss of data
C:\Users\Fridrick\Desktop\SFML\Tetris 2.0\Tetris 2.0\main.cpp(1426,51): warning C4244: 'argument': conversion from 'double' to 'unsigned int', possible loss of data
C:\Users\Fridrick\Desktop\SFML\Tetris 2.0\Tetris 2.0\main.cpp(1432,27): warning C4244: '=': conversion from 'T' to 'int', possible loss of data
          with
          [
              T=float
          ]
C:\Users\Fridrick\Desktop\SFML\Tetris 2.0\Tetris 2.0\main.cpp(1433,20): warning C4244: '=': conversion from 'T' to 'int', possible loss of data
          with
          [
              T=float
          ]
C:\Users\Fridrick\Desktop\SFML\Tetris 2.0\Tetris 2.0\main.cpp(1434,40): warning C4244: 'argument': conversion from 'int' to 'float', possible loss of data
C:\Users\Fridrick\Desktop\SFML\Tetris 2.0\Tetris 2.0\main.cpp(1434,33): warning C4244: 'argument': conversion from 'int' to 'float', possible loss of data
C:\Users\Fridrick\Desktop\SFML\Tetris 2.0\Tetris 2.0\main.cpp(1435,111): warning C4244: 'argument': conversion from 'double' to 'float', possible loss of data
C:\Users\Fridrick\Desktop\SFML\Tetris 2.0\Tetris 2.0\main.cpp(1435,57): warning C4244: 'argument': conversion from 'int' to 'float', possible loss of data
C:\Users\Fridrick\Desktop\SFML\Tetris 2.0\Tetris 2.0\main.cpp(1473,27): warning C4244: 'initializing': conversion from 'T' to 'int', possible loss of data
          with
          [
              T=float
          ]
C:\Users\Fridrick\Desktop\SFML\Tetris 2.0\Tetris 2.0\main.cpp(1474,31): warning C4244: 'initializing': conversion from 'T' to 'int', possible loss of data
          with
          [
              T=float
          ]
C:\Users\Fridrick\Desktop\SFML\Tetris 2.0\Tetris 2.0\main.cpp(1475,27): warning C4244: 'initializing': conversion from 'T' to 'int', possible loss of data
          with
          [
              T=float
          ]
C:\Users\Fridrick\Desktop\SFML\Tetris 2.0\Tetris 2.0\main.cpp(1476,32): warning C4244: 'initializing': conversion from 'T' to 'int', possible loss of data
          with
          [
              T=float
          ]
C:\Users\Fridrick\Desktop\SFML\Tetris 2.0\Tetris 2.0\main.cpp(1489,37): warning C4244: '=': conversion from 'T' to 'int', possible loss of data
          with
          [
              T=float
          ]
C:\Users\Fridrick\Desktop\SFML\Tetris 2.0\Tetris 2.0\main.cpp(1490,48): warning C4244: '=': conversion from 'T' to 'int', possible loss of data
          with
          [
              T=float
          ]
C:\Users\Fridrick\Desktop\SFML\Tetris 2.0\Tetris 2.0\main.cpp(1491,37): warning C4244: '=': conversion from 'T' to 'int', possible loss of data
          with
          [
              T=float
          ]
C:\Users\Fridrick\Desktop\SFML\Tetris 2.0\Tetris 2.0\main.cpp(1492,50): warning C4244: '=': conversion from 'T' to 'int', possible loss of data
          with
          [
              T=float
          ]
C:\Users\Fridrick\Desktop\SFML\Tetris 2.0\Tetris 2.0\main.cpp(1507,15): warning C4244: 'argument': conversion from 'time_t' to 'unsigned int', possible loss of data
C:\Users\Fridrick\Desktop\SFML\Tetris 2.0\Tetris 2.0\main.cpp(1549,88): warning C4244: 'argument': conversion from 'double' to 'int', possible loss of data
C:\Users\Fridrick\Desktop\SFML\Tetris 2.0\Tetris 2.0\main.cpp(1549,70): warning C4244: 'argument': conversion from 'double' to 'int', possible loss of data
C:\Users\Fridrick\Desktop\SFML\Tetris 2.0\Tetris 2.0\main.cpp(1549,54): warning C4244: 'argument': conversion from 'double' to 'int', possible loss of data
C:\Users\Fridrick\Desktop\SFML\Tetris 2.0\Tetris 2.0\main.cpp(1549,38): warning C4244: 'argument': conversion from 'double' to 'int', possible loss of data
C:\Users\Fridrick\Desktop\SFML\Tetris 2.0\Tetris 2.0\main.cpp(1550,41): warning C4244: 'argument': conversion from 'double' to 'int', possible loss of data
C:\Users\Fridrick\Desktop\SFML\Tetris 2.0\Tetris 2.0\main.cpp(1551,30): warning C4244: 'argument': conversion from 'double' to 'int', possible loss of data
C:\Users\Fridrick\Desktop\SFML\Tetris 2.0\Tetris 2.0\main.cpp(1553,85): warning C4244: 'argument': conversion from 'double' to 'int', possible loss of data
C:\Users\Fridrick\Desktop\SFML\Tetris 2.0\Tetris 2.0\main.cpp(1553,69): warning C4244: 'argument': conversion from 'double' to 'int', possible loss of data
C:\Users\Fridrick\Desktop\SFML\Tetris 2.0\Tetris 2.0\main.cpp(1553,53): warning C4244: 'argument': conversion from 'double' to 'int', possible loss of data
C:\Users\Fridrick\Desktop\SFML\Tetris 2.0\Tetris 2.0\main.cpp(1553,37): warning C4244: 'argument': conversion from 'double' to 'int', possible loss of data
C:\Users\Fridrick\Desktop\SFML\Tetris 2.0\Tetris 2.0\main.cpp(1554,38): warning C4244: 'argument': conversion from 'double' to 'int', possible loss of data
C:\Users\Fridrick\Desktop\SFML\Tetris 2.0\Tetris 2.0\main.cpp(1556,99): warning C4244: 'argument': conversion from 'double' to 'int', possible loss of data
C:\Users\Fridrick\Desktop\SFML\Tetris 2.0\Tetris 2.0\main.cpp(1556,70): warning C4244: 'argument': conversion from 'double' to 'int', possible loss of data
C:\Users\Fridrick\Desktop\SFML\Tetris 2.0\Tetris 2.0\main.cpp(1556,53): warning C4244: 'argument': conversion from 'double' to 'int', possible loss of data
C:\Users\Fridrick\Desktop\SFML\Tetris 2.0\Tetris 2.0\main.cpp(1556,37): warning C4244: 'argument': conversion from 'double' to 'int', possible loss of data
C:\Users\Fridrick\Desktop\SFML\Tetris 2.0\Tetris 2.0\main.cpp(1557,44): warning C4244: 'argument': conversion from 'double' to 'int', possible loss of data
C:\Users\Fridrick\Desktop\SFML\Tetris 2.0\Tetris 2.0\main.cpp(1598,38): warning C4244: 'argument': conversion from 'double' to 'int', possible loss of data
C:\Users\Fridrick\Desktop\SFML\Tetris 2.0\Tetris 2.0\main.cpp(1665,38): warning C4244: 'argument': conversion from 'double' to 'int', possible loss of data
  Generating code
  Finished generating code
  2 of 322 functions ( 0.6%) were compiled, the rest were copied from previous compilation.
    0 functions were new in current compilation
    0 functions had inline decision re-evaluated but remain unchanged
  Tetris 2.0.vcxproj -> C:\Users\Fridrick\Desktop\SFML\Tetris 2.0\Tetris 2.0\Release\Tetris 2.0.exe
